<?xml version="1.0" encoding="UTF-8"?>
<testng-results ignored="0" total="1" passed="1" failed="0" skipped="0">
  <reporter-output>
  </reporter-output>
  <suite started-at="2024-11-22T15:21:14 IST" name="Default suite" finished-at="2024-11-22T15:21:14 IST" duration-ms="142">
    <groups>
    </groups>
    <test started-at="2024-11-22T15:21:14 IST" name="Default test" finished-at="2024-11-22T15:21:14 IST" duration-ms="142">
      <class name="TestMaven.TestMaven.AppTest">
        <test-method signature="testApp()[pri:0, instance:TestMaven.TestMaven.AppTest@58d75e99]" started-at="2024-11-22T15:21:14 IST" name="testApp" finished-at="2024-11-22T15:21:14 IST" duration-ms="26" status="PASS">
          <reporter-output>
          </reporter-output>
        </test-method> <!-- testApp -->
      </class> <!-- TestMaven.TestMaven.AppTest -->
    </test> <!-- Default test -->
  </suite> <!-- Default suite -->
</testng-results>
